../src/bufferutil.cc:34:86: error: too few arguments to function call, single argument 'context' was not specified
    Nan::Set(target, Nan::New<String>("BufferUtil").ToLocalChecked(), t->GetFunction());
                                                                      ~~~~~~~~~~~~~~ ^
/Users/sherwyndsouza/Library/Caches/node-gyp/12.0.0/include/node/v8.h:5947:3: note: 'GetFunction' declared here
  V8_WARN_UNUSED_RESULT MaybeLocal<Function> GetFunction(
  ^
/Users/sherwyndsouza/Library/Caches/node-gyp/12.0.0/include/node/v8config.h:347:31: note: expanded from macro 'V8_WARN_UNUSED_RESULT'
#define V8_WARN_UNUSED_RESULT __attribute__((warn_unused_result))
                              ^
../src/bufferutil.cc:50:40: error: no matching member function for call to 'ToObject'
    Local<Object> bufferObj = info[0]->ToObject();
                              ~~~~~~~~~^~~~~~~~
/Users/sherwyndsouza/Library/Caches/node-gyp/12.0.0/include/node/v8.h:2532:44: note: candidate function not viable: requires single argument 'context', but no arguments were provided
  V8_WARN_UNUSED_RESULT MaybeLocal<Object> ToObject(
                                           ^
/Users/sherwyndsouza/Library/Caches/node-gyp/12.0.0/include/node/v8.h:2546:35: note: candidate function not viable: requires single argument 'isolate', but no arguments were provided
                    Local<Object> ToObject(Isolate* isolate) const);
                                  ^
../src/bufferutil.cc:57:42: error: no matching member function for call to 'ToObject'
      Local<Object> src = array->Get(i)->ToObject();
                          ~~~~~~~~~~~~~~~^~~~~~~~
/Users/sherwyndsouza/Library/Caches/node-gyp/12.0.0/include/node/v8.h:2532:44: note: candidate function not viable: requires single argument 'context', but no arguments were provided
  V8_WARN_UNUSED_RESULT MaybeLocal<Object> ToObject(
                                           ^
/Users/sherwyndsouza/Library/Caches/node-gyp/12.0.0/include/node/v8.h:2546:35: note: candidate function not viable: requires single argument 'isolate', but no arguments were provided
                    Local<Object> ToObject(Isolate* isolate) const);
                                  ^
../src/bufferutil.cc:57:34: warning: 'Get' is deprecated: Use maybe version [-Wdeprecated-declarations]
      Local<Object> src = array->Get(i)->ToObject();
                                 ^
/Users/sherwyndsouza/Library/Caches/node-gyp/12.0.0/include/node/v8.h:3416:3: note: 'Get' has been explicitly marked deprecated here
  V8_DEPRECATE_SOON("Use maybe version", Local<Value> Get(uint32_t index));
  ^
/Users/sherwyndsouza/Library/Caches/node-gyp/12.0.0/include/node/v8config.h:322:29: note: expanded from macro 'V8_DEPRECATE_SOON'
  declarator __attribute__((deprecated(message)))
                            ^
../src/bufferutil.cc:68:41: error: no matching member function for call to 'ToObject'
    Local<Object> buffer_obj = info[0]->ToObject();
                               ~~~~~~~~~^~~~~~~~
/Users/sherwyndsouza/Library/Caches/node-gyp/12.0.0/include/node/v8.h:2532:44: note: candidate function not viable: requires single argument 'context', but no arguments were provided
  V8_WARN_UNUSED_RESULT MaybeLocal<Object> ToObject(
                                           ^
/Users/sherwyndsouza/Library/Caches/node-gyp/12.0.0/include/node/v8.h:2546:35: note: candidate function not viable: requires single argument 'isolate', but no arguments were provided
                    Local<Object> ToObject(Isolate* isolate) const);
                                  ^
../src/bufferutil.cc:70:39: error: no matching member function for call to 'ToObject'
    Local<Object> mask_obj = info[1]->ToObject();
                             ~~~~~~~~~^~~~~~~~
/Users/sherwyndsouza/Library/Caches/node-gyp/12.0.0/include/node/v8.h:2532:44: note: candidate function not viable: requires single argument 'context', but no arguments were provided
  V8_WARN_UNUSED_RESULT MaybeLocal<Object> ToObject(
                                           ^
/Users/sherwyndsouza/Library/Caches/node-gyp/12.0.0/include/node/v8.h:2546:35: note: candidate function not viable: requires single argument 'isolate', but no arguments were provided
                    Local<Object> ToObject(Isolate* isolate) const);
                                  ^
../src/bufferutil.cc:89:41: error: no matching member function for call to 'ToObject'
    Local<Object> buffer_obj = info[0]->ToObject();
                               ~~~~~~~~~^~~~~~~~
/Users/sherwyndsouza/Library/Caches/node-gyp/12.0.0/include/node/v8.h:2532:44: note: candidate function not viable: requires single argument 'context', but no arguments were provided
  V8_WARN_UNUSED_RESULT MaybeLocal<Object> ToObject(
                                           ^
/Users/sherwyndsouza/Library/Caches/node-gyp/12.0.0/include/node/v8.h:2546:35: note: candidate function not viable: requires single argument 'isolate', but no arguments were provided
                    Local<Object> ToObject(Isolate* isolate) const);
                                  ^
../src/bufferutil.cc:90:39: error: no matching member function for call to 'ToObject'
    Local<Object> mask_obj = info[1]->ToObject();
                             ~~~~~~~~~^~~~~~~~
/Users/sherwyndsouza/Library/Caches/node-gyp/12.0.0/include/node/v8.h:2532:44: note: candidate function not viable: requires single argument 'context', but no arguments were provided
  V8_WARN_UNUSED_RESULT MaybeLocal<Object> ToObject(
                                           ^
/Users/sherwyndsouza/Library/Caches/node-gyp/12.0.0/include/node/v8.h:2546:35: note: candidate function not viable: requires single argument 'isolate', but no arguments were provided
                    Local<Object> ToObject(Isolate* isolate) const);
                                  ^
../src/bufferutil.cc:92:41: error: no matching member function for call to 'ToObject'
    Local<Object> output_obj = info[2]->ToObject();
                               ~~~~~~~~~^~~~~~~~
/Users/sherwyndsouza/Library/Caches/node-gyp/12.0.0/include/node/v8.h:2532:44: note: candidate function not viable: requires single argument 'context', but no arguments were provided
  V8_WARN_UNUSED_RESULT MaybeLocal<Object> ToObject(
                                           ^
/Users/sherwyndsouza/Library/Caches/node-gyp/12.0.0/include/node/v8.h:2546:35: note: candidate function not viable: requires single argument 'isolate', but no arguments were provided
                    Local<Object> ToObject(Isolate* isolate) const);
                                  ^
../src/bufferutil.cc:93:51: error: too few arguments to function call, single argument 'context' was not specified
    unsigned int dataOffset = info[3]->Int32Value();
                              ~~~~~~~~~~~~~~~~~~~ ^
/Users/sherwyndsouza/Library/Caches/node-gyp/12.0.0/include/node/v8.h:2569:3: note: 'Int32Value' declared here
  V8_WARN_UNUSED_RESULT Maybe<int32_t> Int32Value(Local<Context> context) const;
  ^
/Users/sherwyndsouza/Library/Caches/node-gyp/12.0.0/include/node/v8config.h:347:31: note: expanded from macro 'V8_WARN_UNUSED_RESULT'
#define V8_WARN_UNUSED_RESULT __attribute__((warn_unused_result))
                              ^
../src/bufferutil.cc:94:47: error: too few arguments to function call, single argument 'context' was not specified
    unsigned int length = info[4]->Int32Value();
                          ~~~~~~~~~~~~~~~~~~~ ^
/Users/sherwyndsouza/Library/Caches/node-gyp/12.0.0/include/node/v8.h:2569:3: note: 'Int32Value' declared here
  V8_WARN_UNUSED_RESULT Maybe<int32_t> Int32Value(Local<Context> context) const;
  ^
/Users/sherwyndsouza/Library/Caches/node-gyp/12.0.0/include/node/v8config.h:347:31: note: expanded from macro 'V8_WARN_UNUSED_RESULT'
#define V8_WARN_UNUSED_RESULT __attribute__((warn_unused_result))
                              ^
1 warning and 10 errors generated.
make: *** [Release/obj.target/bufferutil/src/bufferutil.o] Error 1
gyp ERR! build error 
gyp ERR! stack Error: `make` failed with exit code: 2
gyp ERR! stack     at ChildProcess.onExit (/Users/sherwyndsouza/.config/yarn/global/node_modules/npm/node_modules/node-gyp/lib/build.js:194:23)
gyp ERR! stack     at ChildProcess.emit (events.js:196:13)
gyp ERR! stack     at Process.ChildProcess._handle.onexit (internal/child_process.js:256:12)
gyp ERR! System Darwin 19.4.0
gyp ERR! command "/usr/local/bin/node" "/Users/sherwyndsouza/.config/yarn/global/node_modules/npm/node_modules/node-gyp/bin/node-gyp.js" "rebuild"
gyp ERR! cwd /Users/sherwyndsouza/Desktop/Work/Blockchain/Medicine-Supply-Chain/server/node_modules/websocket
gyp ERR! node -v v12.0.0
gyp ERR! node-gyp -v v5.1.0
gyp ERR! not ok 
